* using log directory ‘/Users/shl2018/methylkit/methylkit.Rcheck’
* using R version 2.14.0 (2011-10-31)
* using platform: x86_64-apple-darwin9.8.0 (64-bit)
* using session charset: UTF-8
* checking for file ‘methylkit/DESCRIPTION’ ... OK
* checking extension type ... Package
* this is package ‘methylKit’ version ‘0.2’
* checking package namespace information ... OK
* checking package dependencies ... OK
* checking if this is a source package ... OK
* checking if there is a namespace ... OK
* checking for executable files ... WARNING
Found the following executable file(s):
  .git/objects/01/1cd9e1748d2662e4090d4531d31a4827d1c36c
  .git/objects/04/0c99b6706768a499acda1b693867b1a533c5e3
  .git/objects/0f/24880f21462c2c91a7ca4ece0c9cca4dcecebe
  .git/objects/10/b3cf755ffef82841b369806fca0a78a0c78d30
  .git/objects/1a/dca3922b9e75ea9dd5b5d585f4ee50f13d9cd7
  .git/objects/1f/1d7d1ade6991945f289536bba86f4a16268d6f
  .git/objects/21/28951b7928395741dce0cca546246f418ca64a
  .git/objects/21/b15f89f64e072c7e07bcf43ef54031dd94fb7e
  .git/objects/2c/a3fc602ef33886f85a530efa18596312dfe946
  .git/objects/2d/b0ad6faf03b011e146745e84a56487bc1db340
  .git/objects/31/b12b40d43a33f385ac6191babaac81a039c320
  .git/objects/32/0addbb8e7a7b0d4bc7e47634637b48b4a5f26a
  .git/objects/33/148c4ca17d335d749aa711ef9e810c97afd73e
  .git/objects/33/eb4586a56e173d9e5a6f54870439cab34b1cc1
  .git/objects/34/6cbdfacd53516c7b84825c99b39646341f35bf
  .git/objects/38/c0bcdf0e6487efcb0b9a1b8a06d78af104d915
  .git/objects/39/b8f63b13b1e462f2bfca72be8162c659e50e34
  .git/objects/39/fa41b215e90ece23fa2b21e07b4c5914f82055
  .git/objects/3e/5142fc8596b896841d912984a8f315b6f02ca1
  .git/objects/3e/540824f58feba8addf2ce52bbccd4e5ec6d911
  .git/objects/42/355f20297dfa9bcb9b51b01915f564b965701b
  .git/objects/43/81c8472862fc6c3e81a04ec878ea7bf71c62e4
  .git/objects/43/aaa9d94aedb76e75dfaee8b16bdece02321e8e
  .git/objects/43/aef66440492363024420cc6f32254e79a8bce6
  .git/objects/44/39ef3d60549c438b43c605c4534ead01ec82c3
  .git/objects/47/53c44a301127145f3d1ac58ac0d11f10443053
  .git/objects/48/cb02a1dc19781063e07798e3e94541f34ac3bd
  .git/objects/48/f1e7ecb6bebeb7579cb24934d5ec7ea032a72e
  .git/objects/4a/74f16b4d67475531975fccf71358fcc426fb72
  .git/objects/4c/f30bf966b0fb9f8335c66c7a0498f9a87ebe52
  .git/objects/4d/fdfbdd593cb3b5a91e9b817324441baac78214
  .git/objects/4f/c87e8e1c24488ac6f47d57cab5505e2d86734a
  .git/objects/4f/f4d05c4d2c715046b0da5990bf83458ba82916
  .git/objects/52/cc45c1bf5d2a54716767986f08527d5409eccf
  .git/objects/57/fd8eb77b755cbbe94f23048224e36d0dcfdce9
  .git/objects/59/14dee11cefc56e374af6e6feb9917722ffb7d1
  .git/objects/5b/cb4ae9e0dd9a1def7e90f4757c7fd1452d2cf6
  .git/objects/63/98cef23fc32a0b89d5df2bfd70c88b3f9a2a7a
  .git/objects/64/3a33f6cdfe1da1a47d1d16d46e4b72ee09c8ac
  .git/objects/64/547ed54a281cedaea473090f6a1a3bfbb146d2
  .git/objects/69/e5a632ed8a909b18cebd3e711ef48e431a118d
  .git/objects/6a/44ec71933c107102d4b4bc2667fc9696f5ab46
  .git/objects/6b/0f9a096a048a9a8a80bd51d9e2f4978e03ba50
  .git/objects/6b/834e9d90f1a78836cb4f3ae021956890d1c3fb
  .git/objects/70/226753f5ecc5907367c97954d804c350edd13c
  .git/objects/70/e5d4f4a0b27489a94dc4d6bb5776d4affe2175
  .git/objects/72/f8ce79a14da7538b7c7f2b002d558f819a1cd5
  .git/objects/74/c3737d59d5f2e368da855dda681a4cd284c7ba
  .git/objects/79/5aede9c35cea6805d42f5effe41872f82c5bec
  .git/objects/7c/dac3a6ae1893ccd98c686f2911e5ad7b243ab5
  .git/objects/7d/c49f9e5f466641011c958c74cac3f94a6dbd56
  .git/objects/7e/e1c11ad7b24e51f2756ffeada9ee46570cfba3
  .git/objects/7f/6275463fa31f40f091872aaa3b77930a19ce83
  .git/objects/80/08fd480c688b1a2ce8bc2806a7672607535130
  .git/objects/85/b0e1bbbe23ad7bd8e8ef04a09a2cdcaa163558
  .git/objects/87/a71559d12e6efc5c20e2d1351bbb1a9595e49c
  .git/objects/8a/6fb828d6a765e6af770ad7f0f13637233a3036
  .git/objects/8b/7457fdd8a66f02201fe2b84c6df0470df0ab68
  .git/objects/9c/3a35db146a8585cb5efcb2dce2356208bfdeab
  .git/objects/a2/32806e21c98d2ae38891a34ffdcb5523ac0016
  .git/objects/a5/725ea5286ffa8b3bf3976324d594148c6d07f4
  .git/objects/b4/0005b266fc9c5b61da2c8a4ff27787055011e0
  .git/objects/bd/4adf1ce37ba366986692f62f5e3fdaada56f52
  .git/objects/c1/29f5448bfbda2ca63a2f038bd9faebebc60dff
  .git/objects/c2/ae0e3658dfab7a792b7470161d3235c3138203
  .git/objects/c5/db7f4f579719524bdb6f7140c6809085faac0f
  .git/objects/c7/532b10cb18793ee5b2a22163a66d0f8821f203
  .git/objects/c8/9eb9402654c3caeb8d4122789bd8ccb8db36b8
  .git/objects/ca/d09a6913fb33e2f4fdbda3acb99801d184de95
  .git/objects/ce/0528b452b4ecbba71cea135373804d128e8adc
  .git/objects/d7/7c158fef15c746942e18c77ac2f4471e82499a
  .git/objects/d7/cf1db14cf3d0524865a3b3b6a9c3fc0250934e
  .git/objects/dd/25cb0261482d526aa12b0d2ba40b133f76ff1c
  .git/objects/e1/025e0e2a6f31387b378b69126c26eaf31b4688
  .git/objects/e1/f84cfa9de5fc5113ab05326d5ba909b3c51e82
  .git/objects/ec/35a1b562b997370fd74c292571933662df0284
  .git/objects/f0/28061e0e66009426e2d7c242e5332861066881
  .git/objects/f1/c03e1dd2f97c1405864e2d4d01067f5bf7a4bf
  .git/objects/f1/dc178901516d46da36936874f5a109f9111d5c
  .git/objects/f3/cde73e359e2350393fe152cee24e45d48d3b3a
  .git/objects/f4/c9efba5a131cfc31f188cdcbbc3aad8af8a320
  .git/objects/f5/45bb179dd80b9b083061ca8ff0a38ebff11667
  .git/objects/f6/29a4023a87fd47d9135cb77e6ebca9beab8c82
  .git/objects/fd/100ba8b9d80f97563dc984ce78733927c9b316
  .git/objects/ff/651cd8e2e7cfd614c0242c7414bead63bba29d
Source packages should not contain undeclared executable files.
See section ‘Package structure’ in the ‘Writing R Extensions’ manual.
* checking whether package ‘methylKit’ can be installed ... OK
* checking installed package size ... NOTE
  installed size is  7.3Mb
  sub-directories of 1Mb or more:
    data   7.0Mb
* checking package directory ... OK
* checking for portable file names ... OK
* checking for sufficient/correct file permissions ... OK
* checking DESCRIPTION meta-information ... WARNING
Non-standard license specification:
  Artistic License, Version 2.0
Standardizable: FALSE
* checking top-level files ... OK
* checking index information ... OK
* checking package subdirectories ... WARNING
Found the following directory(s) with names of check directories:
  ./methylkit.Rcheck
Most likely, these were included erroneously.
* checking R files for non-ASCII characters ... OK
* checking R files for syntax errors ... OK
* checking whether the package can be loaded ... OK
* checking whether the package can be loaded with stated dependencies ... OK
* checking whether the package can be unloaded cleanly ... OK
* checking whether the namespace can be loaded with stated dependencies ... OK
* checking whether the namespace can be unloaded cleanly ... OK
* checking for unstated dependencies in R code ... OK
* checking S3 generic/method consistency ... OK
* checking replacement functions ... OK
* checking foreign function calls ... OK
* checking R code for possible problems ... NOTE
fast.fisher: no visible binding for global variable ‘hashTable’
fast.fisher: no visible binding for '<<-' assignment to ‘hashTable’
fix.q.values.fisher: no visible global function definition for ‘qvalue’
fix.q.values.glm: no visible global function definition for ‘qvalue’
glm.set : glm.bare: no visible binding for global variable ‘df.r’
* checking Rd files ... OK
* checking Rd metadata ... WARNING
Rd files with duplicated alias 'methylBase-method':
  ‘PCASamples-methods.Rd’ ‘clusterSamples-methods.Rd’
* checking Rd cross-references ... OK
* checking for missing documentation entries ... WARNING
Undocumented data sets:
  ‘control1.myCpG’ ‘control2.myCpG’ ‘cpgi.hg18.bed’ ‘refseq.hg18.bed’
  ‘test1.myCpG’ ‘test2.myCpG’
Undocumented S4 methods:
  generic 'PCASamples' and siglist 'methylBase'
  generic 'clusterSamples' and siglist 'methylBase'
  generic 'getData' and siglist 'methylDiff'
  generic 'read' and siglist 'character,character,character'
  generic 'read' and siglist 'list,list,character'
All user-level objects in a package (including S4 classes and methods)
should have documentation entries.
See the chapter ‘Writing R documentation files’ in the ‘Writing R
Extensions’ manual.
* checking for code/documentation mismatches ... OK
* checking Rd \usage sections ... OK
* checking Rd contents ... OK
* checking for unstated dependencies in examples ... OK
* checking contents of ‘data’ directory ... OK
* checking data for non-ASCII characters ... OK
* checking data for ASCII and uncompressed saves ... OK
* checking examples ... NONE
* checking for unstated dependencies in tests ... NOTE
‘library’ or ‘require’ call not declared from: ‘testthat’
* checking tests ... OK
  Running ‘test-all.R’
* checking PDF version of manual ... OK
WARNING: There were 5 warnings, see
  ‘/Users/shl2018/methylkit/methylkit.Rcheck/00check.log’
for details
